# JRE version: OpenJDK Runtime Environment Corretto-11.0.9.12.1 (11.0.9.1+12) (build 11.0.9.1+12-LTS)
# Java VM: OpenJDK 64-Bit Server VM Corretto-11.0.9.12.1 (11.0.9.1+12-LTS, mixed mode, tiered, compressed oops, g1 gc, linux-amd64)
Heap:
 garbage-first heap   total 159744K, used 16792K [0x0000000765c00000, 0x0000000800000000)
  region size 1024K, 16 young (16384K), 9 survivors (9216K)
 Metaspace       used 35686K, capacity 36726K, committed 36784K, reserved 1081344K
  class space    used 4114K, capacity 4552K, committed 4608K, reserved 1048576K
GC Heap History (8 events):
Event: 0.659 GC heap before
{Heap before GC invocations=0 (full 0):
 garbage-first heap   total 159744K, used 14336K [0x0000000765c00000, 0x0000000800000000)
  region size 1024K, 14 young (14336K), 0 survivors (0K)
 Metaspace       used 10085K, capacity 10250K, committed 10496K, reserved 1058816K
  class space    used 885K, capacity 948K, committed 1024K, reserved 1048576K
}
Event: 0.663 GC heap after
{Heap after GC invocations=1 (full 0):
 garbage-first heap   total 159744K, used 2238K [0x0000000765c00000, 0x0000000800000000)
  region size 1024K, 2 young (2048K), 2 survivors (2048K)
 Metaspace       used 10085K, capacity 10250K, committed 10496K, reserved 1058816K
  class space    used 885K, capacity 948K, committed 1024K, reserved 1048576K
}
Event: 2.123 GC heap before
{Heap before GC invocations=1 (full 0):
 garbage-first heap   total 159744K, used 61630K [0x0000000765c00000, 0x0000000800000000)
  region size 1024K, 61 young (62464K), 2 survivors (2048K)
 Metaspace       used 20688K, capacity 21157K, committed 21296K, reserved 1069056K
  class space    used 2203K, capacity 2411K, committed 2432K, reserved 1048576K
}
Event: 2.145 GC heap after
{Heap after GC invocations=2 (full 0):
 garbage-first heap   total 159744K, used 4845K [0x0000000765c00000, 0x0000000800000000)
  region size 1024K, 5 young (5120K), 5 survivors (5120K)
 Metaspace       used 20688K, capacity 21157K, committed 21296K, reserved 1069056K
  class space    used 2203K, capacity 2411K, committed 2432K, reserved 1048576K
}
Event: 3.230 GC heap before
{Heap before GC invocations=3 (full 0):
 garbage-first heap   total 159744K, used 68333K [0x0000000765c00000, 0x0000000800000000)
  region size 1024K, 67 young (68608K), 5 survivors (5120K)
 Metaspace       used 27345K, capacity 28057K, committed 28208K, reserved 1075200K
  class space    used 3075K, capacity 3381K, committed 3456K, reserved 1048576K
}
Event: 3.244 GC heap after
{Heap after GC invocations=4 (full 0):
 garbage-first heap   total 159744K, used 7101K [0x0000000765c00000, 0x0000000800000000)
  region size 1024K, 7 young (7168K), 7 survivors (7168K)
 Metaspace       used 27345K, capacity 28057K, committed 28208K, reserved 1075200K
  class space    used 3075K, capacity 3381K, committed 3456K, reserved 1048576K
}
Event: 4.719 GC heap before
{Heap before GC invocations=4 (full 0):
 garbage-first heap   total 159744K, used 63421K [0x0000000765c00000, 0x0000000800000000)
  region size 1024K, 63 young (64512K), 7 survivors (7168K)
 Metaspace       used 34821K, capacity 35820K, committed 35888K, reserved 1081344K
  class space    used 4002K, capacity 4420K, committed 4480K, reserved 1048576K
}
Event: 4.735 GC heap after
{Heap after GC invocations=5 (full 0):
 garbage-first heap   total 159744K, used 10648K [0x0000000765c00000, 0x0000000800000000)
  region size 1024K, 9 young (9216K), 9 survivors (9216K)
 Metaspace       used 34821K, capacity 35820K, committed 35888K, reserved 1081344K
  class space    used 4002K, capacity 4420K, committed 4480K, reserved 1048576K
}

